2017-04-05 15:48:18 Notice: Notice (8): Undefined variable: map_options in [C:\wamp64\www\landlord\src\Template\Admin\Dashboard\index.ctp, line 37]
Request URL: /landlord/admin
Referer URL: http://localhost/landlord/admin/profile/edit/1
Trace:
Cake\Error\BaseErrorHandler::handleError() - CORE\src\Error\BaseErrorHandler.php, line 146
include - APP/Template\Admin\Dashboard\index.ctp, line 37
Cake\View\View::_evaluate() - CORE\src\View\View.php, line 1005
Cake\View\View::_render() - CORE\src\View\View.php, line 964
Cake\View\View::render() - CORE\src\View\View.php, line 588
Cake\Controller\Controller::render() - CORE\src\Controller\Controller.php, line 617
Cake\Routing\Dispatcher::_invoke() - CORE\src\Routing\Dispatcher.php, line 121
Cake\Routing\Dispatcher::dispatch() - CORE\src\Routing\Dispatcher.php, line 88
[main] - ROOT\webroot\index.php, line 36



2017-04-05 15:50:28 Notice: Notice (8): Undefined variable: map_options in [C:\wamp64\www\landlord\src\Template\Admin\Dashboard\index.ctp, line 37]
Request URL: /landlord/admin
Referer URL: http://localhost/landlord/admin/profile/edit/1
Trace:
Cake\Error\BaseErrorHandler::handleError() - CORE\src\Error\BaseErrorHandler.php, line 146
include - APP/Template\Admin\Dashboard\index.ctp, line 37
Cake\View\View::_evaluate() - CORE\src\View\View.php, line 1005
Cake\View\View::_render() - CORE\src\View\View.php, line 964
Cake\View\View::render() - CORE\src\View\View.php, line 588
Cake\Controller\Controller::render() - CORE\src\Controller\Controller.php, line 617
Cake\Routing\Dispatcher::_invoke() - CORE\src\Routing\Dispatcher.php, line 121
Cake\Routing\Dispatcher::dispatch() - CORE\src\Routing\Dispatcher.php, line 88
[main] - ROOT\webroot\index.php, line 36



2017-04-05 15:51:24 Notice: Notice (8): Undefined variable: map_options in [C:\wamp64\www\landlord\src\Template\Admin\Dashboard\index.ctp, line 37]
Request URL: /landlord/admin
Referer URL: http://localhost/landlord/admin/profile/edit/1
Trace:
Cake\Error\BaseErrorHandler::handleError() - CORE\src\Error\BaseErrorHandler.php, line 146
include - APP/Template\Admin\Dashboard\index.ctp, line 37
Cake\View\View::_evaluate() - CORE\src\View\View.php, line 1005
Cake\View\View::_render() - CORE\src\View\View.php, line 964
Cake\View\View::render() - CORE\src\View\View.php, line 588
Cake\Controller\Controller::render() - CORE\src\Controller\Controller.php, line 617
Cake\Routing\Dispatcher::_invoke() - CORE\src\Routing\Dispatcher.php, line 121
Cake\Routing\Dispatcher::dispatch() - CORE\src\Routing\Dispatcher.php, line 88
[main] - ROOT\webroot\index.php, line 36



2017-04-05 16:00:11 Notice: Notice (8): Use of undefined constant IMAGES_URL - assumed 'IMAGES_URL' in [C:\wamp64\www\landlord\src\View\Helper\GoogleMapHelper.php, line 210]
Request URL: /landlord/admin
Referer URL: http://localhost/landlord/admin/profile/edit/1
Trace:
Cake\Error\BaseErrorHandler::handleError() - CORE\src\Error\BaseErrorHandler.php, line 146
App\View\Helper\GoogleMapHelper::map() - APP/View\Helper\GoogleMapHelper.php, line 210
include - APP/Template\Admin\Dashboard\index.ctp, line 37
Cake\View\View::_evaluate() - CORE\src\View\View.php, line 1005
Cake\View\View::_render() - CORE\src\View\View.php, line 964
Cake\View\View::render() - CORE\src\View\View.php, line 588
Cake\Controller\Controller::render() - CORE\src\Controller\Controller.php, line 617
Cake\Routing\Dispatcher::_invoke() - CORE\src\Routing\Dispatcher.php, line 121
Cake\Routing\Dispatcher::dispatch() - CORE\src\Routing\Dispatcher.php, line 88
[main] - ROOT\webroot\index.php, line 36



2017-04-05 16:04:41 Notice: Notice (8): Use of undefined constant IMAGES_URL - assumed 'IMAGES_URL' in [C:\wamp64\www\landlord\src\View\Helper\GoogleMapHelper.php, line 210]
Request URL: /landlord/admin
Referer URL: http://localhost/landlord/admin/profile/edit/1
Trace:
Cake\Error\BaseErrorHandler::handleError() - CORE\src\Error\BaseErrorHandler.php, line 146
App\View\Helper\GoogleMapHelper::map() - APP/View\Helper\GoogleMapHelper.php, line 210
include - APP/Template\Admin\Dashboard\index.ctp, line 37
Cake\View\View::_evaluate() - CORE\src\View\View.php, line 1005
Cake\View\View::_render() - CORE\src\View\View.php, line 964
Cake\View\View::render() - CORE\src\View\View.php, line 588
Cake\Controller\Controller::render() - CORE\src\Controller\Controller.php, line 617
Cake\Routing\Dispatcher::_invoke() - CORE\src\Routing\Dispatcher.php, line 121
Cake\Routing\Dispatcher::dispatch() - CORE\src\Routing\Dispatcher.php, line 88
[main] - ROOT\webroot\index.php, line 36



2017-04-05 16:20:04 Notice: Notice (8): Use of undefined constant IMAGES_URL - assumed 'IMAGES_URL' in [C:\wamp64\www\landlord\src\View\Helper\GoogleMapHelper.php, line 210]
Request URL: /landlord/admin
Referer URL: http://localhost/landlord/admin/profile/edit/1
Trace:
Cake\Error\BaseErrorHandler::handleError() - CORE\src\Error\BaseErrorHandler.php, line 146
App\View\Helper\GoogleMapHelper::map() - APP/View\Helper\GoogleMapHelper.php, line 210
include - APP/Template\Admin\Dashboard\index.ctp, line 37
Cake\View\View::_evaluate() - CORE\src\View\View.php, line 1005
Cake\View\View::_render() - CORE\src\View\View.php, line 964
Cake\View\View::render() - CORE\src\View\View.php, line 588
Cake\Controller\Controller::render() - CORE\src\Controller\Controller.php, line 617
Cake\Routing\Dispatcher::_invoke() - CORE\src\Routing\Dispatcher.php, line 121
Cake\Routing\Dispatcher::dispatch() - CORE\src\Routing\Dispatcher.php, line 88
[main] - ROOT\webroot\index.php, line 36



2017-04-05 16:20:19 Notice: Notice (8): Use of undefined constant IMAGES_URL - assumed 'IMAGES_URL' in [C:\wamp64\www\landlord\src\View\Helper\GoogleMapHelper.php, line 210]
Request URL: /landlord/admin
Referer URL: http://localhost/landlord/admin/profile/edit/1
Trace:
Cake\Error\BaseErrorHandler::handleError() - CORE\src\Error\BaseErrorHandler.php, line 146
App\View\Helper\GoogleMapHelper::map() - APP/View\Helper\GoogleMapHelper.php, line 210
include - APP/Template\Admin\Dashboard\index.ctp, line 37
Cake\View\View::_evaluate() - CORE\src\View\View.php, line 1005
Cake\View\View::_render() - CORE\src\View\View.php, line 964
Cake\View\View::render() - CORE\src\View\View.php, line 588
Cake\Controller\Controller::render() - CORE\src\Controller\Controller.php, line 617
Cake\Routing\Dispatcher::_invoke() - CORE\src\Routing\Dispatcher.php, line 121
Cake\Routing\Dispatcher::dispatch() - CORE\src\Routing\Dispatcher.php, line 88
[main] - ROOT\webroot\index.php, line 36



2017-04-05 16:20:55 Notice: Notice (8): Use of undefined constant IMAGES_URL - assumed 'IMAGES_URL' in [C:\wamp64\www\landlord\src\View\Helper\GoogleMapHelper.php, line 210]
Request URL: /landlord/admin
Referer URL: http://localhost/landlord/admin/profile/edit/1
Trace:
Cake\Error\BaseErrorHandler::handleError() - CORE\src\Error\BaseErrorHandler.php, line 146
App\View\Helper\GoogleMapHelper::map() - APP/View\Helper\GoogleMapHelper.php, line 210
include - APP/Template\Admin\Dashboard\index.ctp, line 37
Cake\View\View::_evaluate() - CORE\src\View\View.php, line 1005
Cake\View\View::_render() - CORE\src\View\View.php, line 964
Cake\View\View::render() - CORE\src\View\View.php, line 588
Cake\Controller\Controller::render() - CORE\src\Controller\Controller.php, line 617
Cake\Routing\Dispatcher::_invoke() - CORE\src\Routing\Dispatcher.php, line 121
Cake\Routing\Dispatcher::dispatch() - CORE\src\Routing\Dispatcher.php, line 88
[main] - ROOT\webroot\index.php, line 36



2017-04-05 16:22:59 Notice: Notice (8): Use of undefined constant IMAGES_URL - assumed 'IMAGES_URL' in [C:\wamp64\www\landlord\src\View\Helper\GoogleMapHelper.php, line 210]
Request URL: /landlord/admin
Referer URL: http://localhost/landlord/admin/profile/edit/1
Trace:
Cake\Error\BaseErrorHandler::handleError() - CORE\src\Error\BaseErrorHandler.php, line 146
App\View\Helper\GoogleMapHelper::map() - APP/View\Helper\GoogleMapHelper.php, line 210
include - APP/Template\Admin\Dashboard\index.ctp, line 37
Cake\View\View::_evaluate() - CORE\src\View\View.php, line 1005
Cake\View\View::_render() - CORE\src\View\View.php, line 964
Cake\View\View::render() - CORE\src\View\View.php, line 588
Cake\Controller\Controller::render() - CORE\src\Controller\Controller.php, line 617
Cake\Routing\Dispatcher::_invoke() - CORE\src\Routing\Dispatcher.php, line 121
Cake\Routing\Dispatcher::dispatch() - CORE\src\Routing\Dispatcher.php, line 88
[main] - ROOT\webroot\index.php, line 36



2017-04-05 16:23:50 Notice: Notice (8): Use of undefined constant IMAGES_URL - assumed 'IMAGES_URL' in [C:\wamp64\www\landlord\src\View\Helper\GoogleMapHelper.php, line 210]
Request URL: /landlord/admin
Referer URL: http://localhost/landlord/admin/profile/edit/1
Trace:
Cake\Error\BaseErrorHandler::handleError() - CORE\src\Error\BaseErrorHandler.php, line 146
App\View\Helper\GoogleMapHelper::map() - APP/View\Helper\GoogleMapHelper.php, line 210
include - APP/Template\Admin\Dashboard\index.ctp, line 37
Cake\View\View::_evaluate() - CORE\src\View\View.php, line 1005
Cake\View\View::_render() - CORE\src\View\View.php, line 964
Cake\View\View::render() - CORE\src\View\View.php, line 588
Cake\Controller\Controller::render() - CORE\src\Controller\Controller.php, line 617
Cake\Routing\Dispatcher::_invoke() - CORE\src\Routing\Dispatcher.php, line 121
Cake\Routing\Dispatcher::dispatch() - CORE\src\Routing\Dispatcher.php, line 88
[main] - ROOT\webroot\index.php, line 36



2017-04-05 16:24:13 Notice: Notice (8): Use of undefined constant IMAGES_URL - assumed 'IMAGES_URL' in [C:\wamp64\www\landlord\src\View\Helper\GoogleMapHelper.php, line 210]
Request URL: /landlord/admin
Referer URL: http://localhost/landlord/admin/profile/edit/1
Trace:
Cake\Error\BaseErrorHandler::handleError() - CORE\src\Error\BaseErrorHandler.php, line 146
App\View\Helper\GoogleMapHelper::map() - APP/View\Helper\GoogleMapHelper.php, line 210
include - APP/Template\Admin\Dashboard\index.ctp, line 37
Cake\View\View::_evaluate() - CORE\src\View\View.php, line 1005
Cake\View\View::_render() - CORE\src\View\View.php, line 964
Cake\View\View::render() - CORE\src\View\View.php, line 588
Cake\Controller\Controller::render() - CORE\src\Controller\Controller.php, line 617
Cake\Routing\Dispatcher::_invoke() - CORE\src\Routing\Dispatcher.php, line 121
Cake\Routing\Dispatcher::dispatch() - CORE\src\Routing\Dispatcher.php, line 88
[main] - ROOT\webroot\index.php, line 36



2017-04-05 16:27:36 Notice: Notice (8): Use of undefined constant IMAGES_URL - assumed 'IMAGES_URL' in [C:\wamp64\www\landlord\src\View\Helper\GoogleMapHelper.php, line 210]
Request URL: /landlord/admin
Referer URL: http://localhost/landlord/admin/profile/edit/1
Trace:
Cake\Error\BaseErrorHandler::handleError() - CORE\src\Error\BaseErrorHandler.php, line 146
App\View\Helper\GoogleMapHelper::map() - APP/View\Helper\GoogleMapHelper.php, line 210
include - APP/Template\Admin\Dashboard\index.ctp, line 41
Cake\View\View::_evaluate() - CORE\src\View\View.php, line 1005
Cake\View\View::_render() - CORE\src\View\View.php, line 964
Cake\View\View::render() - CORE\src\View\View.php, line 588
Cake\Controller\Controller::render() - CORE\src\Controller\Controller.php, line 617
Cake\Routing\Dispatcher::_invoke() - CORE\src\Routing\Dispatcher.php, line 121
Cake\Routing\Dispatcher::dispatch() - CORE\src\Routing\Dispatcher.php, line 88
[main] - ROOT\webroot\index.php, line 36



2017-04-05 16:29:04 Notice: Notice (8): Use of undefined constant IMAGES_URL - assumed 'IMAGES_URL' in [C:\wamp64\www\landlord\src\View\Helper\GoogleMapHelper.php, line 210]
Request URL: /landlord/admin
Referer URL: http://localhost/landlord/admin/profile/edit/1
Trace:
Cake\Error\BaseErrorHandler::handleError() - CORE\src\Error\BaseErrorHandler.php, line 146
App\View\Helper\GoogleMapHelper::map() - APP/View\Helper\GoogleMapHelper.php, line 210
include - APP/Template\Admin\Dashboard\index.ctp, line 41
Cake\View\View::_evaluate() - CORE\src\View\View.php, line 1005
Cake\View\View::_render() - CORE\src\View\View.php, line 964
Cake\View\View::render() - CORE\src\View\View.php, line 588
Cake\Controller\Controller::render() - CORE\src\Controller\Controller.php, line 617
Cake\Routing\Dispatcher::_invoke() - CORE\src\Routing\Dispatcher.php, line 121
Cake\Routing\Dispatcher::dispatch() - CORE\src\Routing\Dispatcher.php, line 88
[main] - ROOT\webroot\index.php, line 36



2017-04-05 16:29:49 Notice: Notice (8): Use of undefined constant IMAGES_URL - assumed 'IMAGES_URL' in [C:\wamp64\www\landlord\src\View\Helper\GoogleMapHelper.php, line 210]
Request URL: /landlord/admin
Referer URL: http://localhost/landlord/admin/profile/edit/1
Trace:
Cake\Error\BaseErrorHandler::handleError() - CORE\src\Error\BaseErrorHandler.php, line 146
App\View\Helper\GoogleMapHelper::map() - APP/View\Helper\GoogleMapHelper.php, line 210
include - APP/Template\Admin\Dashboard\index.ctp, line 41
Cake\View\View::_evaluate() - CORE\src\View\View.php, line 1005
Cake\View\View::_render() - CORE\src\View\View.php, line 964
Cake\View\View::render() - CORE\src\View\View.php, line 588
Cake\Controller\Controller::render() - CORE\src\Controller\Controller.php, line 617
Cake\Routing\Dispatcher::_invoke() - CORE\src\Routing\Dispatcher.php, line 121
Cake\Routing\Dispatcher::dispatch() - CORE\src\Routing\Dispatcher.php, line 88
[main] - ROOT\webroot\index.php, line 36



